{
  "stats": {
    "suites": 1,
    "tests": 2,
    "passes": 2,
    "pending": 0,
    "failures": 0,
    "start": "2024-06-12T20:28:04.663Z",
    "end": "2024-06-12T20:28:34.729Z",
    "duration": 30066,
    "testsRegistered": 2,
    "passPercent": 100,
    "pendingPercent": 0,
    "other": 0,
    "hasOther": false,
    "skipped": 0,
    "hasSkipped": false
  },
  "results": [
    {
      "uuid": "0f61e4e2-116c-45fc-b142-dc47dc63b0a9",
      "title": "",
      "fullFile": "cypress/e2e/nationalitiesValidations.cy.js",
      "file": "cypress/e2e/nationalitiesValidations.cy.js",
      "beforeHooks": [],
      "afterHooks": [],
      "tests": [],
      "suites": [
        {
          "uuid": "a119c0b7-b595-4bc7-a904-c17be8a62f16",
          "title": "Validate Nationalities tab",
          "fullFile": "",
          "file": "",
          "beforeHooks": [],
          "afterHooks": [],
          "tests": [
            {
              "title": "User should be able to see the first 50 nationalities and the pagination component",
              "fullTitle": "Validate Nationalities tab User should be able to see the first 50 nationalities and the pagination component",
              "timedOut": null,
              "duration": 14797,
              "state": "passed",
              "speed": "slow",
              "pass": true,
              "fail": false,
              "pending": false,
              "context": null,
              "code": "cy.intercept('GET', '**/nationalities?**').as('getNationalitiesRequest');\n_netionalitiesPage.nationalitiesPage.clickNationalitiesTab();\ncy.wait('@getNationalitiesRequest').then(req => {\n  cy.wrap(req).as('getNationalitiesRequest');\n});\ncy.get('@getNationalitiesRequest').then(req => {\n  req.response.body.data.forEach((nationality, index) => {\n    _netionalitiesPage.nationalitiesPage.verifyNationalityName(index, nationality.name);\n  });\n});\n_netionalitiesPage.nationalitiesPage.scrollToPaginationIntoView();\n_netionalitiesPage.nationalitiesPage.verifyPreviousNextButtonsVisibility();\n[...Array(4).keys()].forEach(number => {\n  _netionalitiesPage.nationalitiesPage.verifyPageButtonText(number, number + 1);\n});",
              "err": {},
              "uuid": "4784967e-45b9-4145-bc7e-e8531aa53143",
              "parentUUID": "a119c0b7-b595-4bc7-a904-c17be8a62f16",
              "isHook": false,
              "skipped": false
            },
            {
              "title": "User should be able to edit the first nationality",
              "fullTitle": "Validate Nationalities tab User should be able to edit the first nationality",
              "timedOut": null,
              "duration": 13167,
              "state": "passed",
              "speed": "slow",
              "pass": true,
              "fail": false,
              "pending": false,
              "context": null,
              "code": "cy.intercept('GET', '**/nationalities?**').as('getNationalitiesRequest');\n_netionalitiesPage.nationalitiesPage.clickNationalitiesTab();\ncy.wait('@getNationalitiesRequest').then(req => {\n  cy.wrap(req).as('getNationalitiesRequest');\n});\n_netionalitiesPage.nationalitiesPage.clickFirstEditButton();\n_netionalitiesPage.nationalitiesPage.clearAndTypeNationalityName(_testData.testData.newNationalityName);\n_netionalitiesPage.nationalitiesPage.clickSubmitButton();\n_netionalitiesPage.nationalitiesPage.verifyFirstNationalityName(_testData.testData.newNationalityName);",
              "err": {},
              "uuid": "35b9ad70-5486-4a17-97ff-2e7e7045e2d1",
              "parentUUID": "a119c0b7-b595-4bc7-a904-c17be8a62f16",
              "isHook": false,
              "skipped": false
            }
          ],
          "suites": [],
          "passes": [
            "4784967e-45b9-4145-bc7e-e8531aa53143",
            "35b9ad70-5486-4a17-97ff-2e7e7045e2d1"
          ],
          "failures": [],
          "pending": [],
          "skipped": [],
          "duration": 27964,
          "root": false,
          "rootEmpty": false,
          "_timeout": 2000
        }
      ],
      "passes": [],
      "failures": [],
      "pending": [],
      "skipped": [],
      "duration": 0,
      "root": true,
      "rootEmpty": true,
      "_timeout": 2000
    }
  ],
  "meta": {
    "mocha": {
      "version": "7.0.1"
    },
    "mochawesome": {
      "options": {
        "quiet": false,
        "reportFilename": "mochawesome",
        "saveHtml": false,
        "saveJson": true,
        "consoleReporter": "spec",
        "useInlineDiffs": false,
        "code": true
      },
      "version": "7.1.3"
    },
    "marge": {
      "options": {
        "reportDir": "cypress/reports",
        "overwrite": false,
        "html": false,
        "json": true
      },
      "version": "6.2.0"
    }
  }
}